2020-02-03 21:29:30.168  INFO 20100 --- [restartedMain] l.m.community.ConmmunityApplication      : Starting ConmmunityApplication on ssss with PID 20100 (E:\conmmunity\target\classes started by 24618 in E:\conmmunity)
2020-02-03 21:29:30.170  INFO 20100 --- [restartedMain] l.m.community.ConmmunityApplication      : No active profile set, falling back to default profiles: default
2020-02-03 21:29:30.318  INFO 20100 --- [restartedMain] .e.DevToolsPropertyDefaultsPostProcessor : Devtools property defaults active! Set 'spring.devtools.add-properties' to 'false' to disable
2020-02-03 21:29:30.319  INFO 20100 --- [restartedMain] .e.DevToolsPropertyDefaultsPostProcessor : For additional web related logging consider setting the 'logging.level.web' property to 'DEBUG'
2020-02-03 21:29:30.656  WARN 20100 --- [background-preinit] o.s.h.c.j.Jackson2ObjectMapperBuilder    : For Jackson Kotlin classes support please add "com.fasterxml.jackson.module:jackson-module-kotlin" to the classpath
2020-02-03 21:29:33.333  INFO 20100 --- [restartedMain] o.s.b.w.embedded.tomcat.TomcatWebServer  : Tomcat initialized with port(s): 8887 (http)
2020-02-03 21:29:33.348  INFO 20100 --- [restartedMain] o.apache.catalina.core.StandardService   : Starting service [Tomcat]
2020-02-03 21:29:33.349  INFO 20100 --- [restartedMain] org.apache.catalina.core.StandardEngine  : Starting Servlet engine: [Apache Tomcat/9.0.29]
2020-02-03 21:29:33.584  INFO 20100 --- [restartedMain] o.a.c.c.C.[Tomcat].[localhost].[/]       : Initializing Spring embedded WebApplicationContext
2020-02-03 21:29:33.585  INFO 20100 --- [restartedMain] o.s.web.context.ContextLoader            : Root WebApplicationContext: initialization completed in 3263 ms
2020-02-03 21:29:33.652  INFO 20100 --- [restartedMain] com.zaxxer.hikari.HikariDataSource       : HikariPool-1 - Starting...
2020-02-03 21:29:33.951  INFO 20100 --- [restartedMain] com.zaxxer.hikari.HikariDataSource       : HikariPool-1 - Start completed.
2020-02-03 21:29:33.957  INFO 20100 --- [restartedMain] o.s.b.a.h2.H2ConsoleAutoConfiguration    : H2 console available at '/h2-console'. Database available at 'jdbc:h2:~/community'
2020-02-03 21:29:35.014  INFO 20100 --- [restartedMain] o.s.s.concurrent.ThreadPoolTaskExecutor  : Initializing ExecutorService 'applicationTaskExecutor'
2020-02-03 21:29:35.197  INFO 20100 --- [restartedMain] o.s.b.a.w.s.WelcomePageHandlerMapping    : Adding welcome page template: index
2020-02-03 21:29:35.829  INFO 20100 --- [restartedMain] o.s.b.d.a.OptionalLiveReloadServer       : LiveReload server is running on port 35729
2020-02-03 21:29:35.901  INFO 20100 --- [restartedMain] o.s.b.w.embedded.tomcat.TomcatWebServer  : Tomcat started on port(s): 8887 (http) with context path ''
2020-02-03 21:29:35.904  INFO 20100 --- [restartedMain] l.m.community.ConmmunityApplication      : Started ConmmunityApplication in 6.748 seconds (JVM running for 9.268)
2020-02-03 21:29:38.073  INFO 20100 --- [http-nio-8887-exec-1] o.a.c.c.C.[Tomcat].[localhost].[/]       : Initializing Spring DispatcherServlet 'dispatcherServlet'
2020-02-03 21:29:38.074  INFO 20100 --- [http-nio-8887-exec-1] o.s.web.servlet.DispatcherServlet        : Initializing Servlet 'dispatcherServlet'
2020-02-03 21:29:38.088  INFO 20100 --- [http-nio-8887-exec-1] o.s.web.servlet.DispatcherServlet        : Completed initialization in 14 ms
2020-02-03 21:29:38.224 DEBUG 20100 --- [http-nio-8887-exec-1] l.m.c.m.QuestionExtMapper.countBySearch  : ==>  Preparing: select count(*) from QUESTION 
2020-02-03 21:29:38.254 DEBUG 20100 --- [http-nio-8887-exec-1] l.m.c.m.QuestionExtMapper.countBySearch  : ==> Parameters: 
2020-02-03 21:29:38.287 DEBUG 20100 --- [http-nio-8887-exec-1] l.m.c.m.QuestionExtMapper.countBySearch  : <==      Total: 1
2020-02-03 21:29:38.294 DEBUG 20100 --- [http-nio-8887-exec-1] l.m.c.m.Q.selectBySearch                 : ==>  Preparing: select * from QUESTION order by gmt_create desc limit ?,? 
2020-02-03 21:29:38.302 DEBUG 20100 --- [http-nio-8887-exec-1] l.m.c.m.Q.selectBySearch                 : ==> Parameters: 0(Integer), 5(Integer)
2020-02-03 21:29:38.322 DEBUG 20100 --- [http-nio-8887-exec-1] l.m.c.m.Q.selectBySearch                 : <==      Total: 5
2020-02-03 21:29:38.323 DEBUG 20100 --- [http-nio-8887-exec-1] l.m.c.m.UserMapper.selectByPrimaryKey    : ==>  Preparing: select ID, ACCOUNT_ID, NAME, TOKEN, GMT_CREATE, GMT_MODIFIED, BIO, AVATAR_URL from USER where ID = ? 
2020-02-03 21:29:38.328 DEBUG 20100 --- [http-nio-8887-exec-1] l.m.c.m.UserMapper.selectByPrimaryKey    : ==> Parameters: 803(Long)
2020-02-03 21:29:38.330 DEBUG 20100 --- [http-nio-8887-exec-1] l.m.c.m.UserMapper.selectByPrimaryKey    : <==      Total: 1
2020-02-03 21:29:38.347 DEBUG 20100 --- [http-nio-8887-exec-1] l.m.c.m.UserMapper.selectByPrimaryKey    : ==>  Preparing: select ID, ACCOUNT_ID, NAME, TOKEN, GMT_CREATE, GMT_MODIFIED, BIO, AVATAR_URL from USER where ID = ? 
2020-02-03 21:29:38.347 DEBUG 20100 --- [http-nio-8887-exec-1] l.m.c.m.UserMapper.selectByPrimaryKey    : ==> Parameters: 770(Long)
2020-02-03 21:29:38.349 DEBUG 20100 --- [http-nio-8887-exec-1] l.m.c.m.UserMapper.selectByPrimaryKey    : <==      Total: 1
2020-02-03 21:29:38.349 DEBUG 20100 --- [http-nio-8887-exec-1] l.m.c.m.UserMapper.selectByPrimaryKey    : ==>  Preparing: select ID, ACCOUNT_ID, NAME, TOKEN, GMT_CREATE, GMT_MODIFIED, BIO, AVATAR_URL from USER where ID = ? 
2020-02-03 21:29:38.350 DEBUG 20100 --- [http-nio-8887-exec-1] l.m.c.m.UserMapper.selectByPrimaryKey    : ==> Parameters: 738(Long)
2020-02-03 21:29:38.350 DEBUG 20100 --- [http-nio-8887-exec-1] l.m.c.m.UserMapper.selectByPrimaryKey    : <==      Total: 1
2020-02-03 21:29:38.351 DEBUG 20100 --- [http-nio-8887-exec-1] l.m.c.m.UserMapper.selectByPrimaryKey    : ==>  Preparing: select ID, ACCOUNT_ID, NAME, TOKEN, GMT_CREATE, GMT_MODIFIED, BIO, AVATAR_URL from USER where ID = ? 
2020-02-03 21:29:38.351 DEBUG 20100 --- [http-nio-8887-exec-1] l.m.c.m.UserMapper.selectByPrimaryKey    : ==> Parameters: 707(Long)
2020-02-03 21:29:38.352 DEBUG 20100 --- [http-nio-8887-exec-1] l.m.c.m.UserMapper.selectByPrimaryKey    : <==      Total: 1
2020-02-03 21:29:38.353 DEBUG 20100 --- [http-nio-8887-exec-1] l.m.c.m.UserMapper.selectByPrimaryKey    : ==>  Preparing: select ID, ACCOUNT_ID, NAME, TOKEN, GMT_CREATE, GMT_MODIFIED, BIO, AVATAR_URL from USER where ID = ? 
2020-02-03 21:29:38.353 DEBUG 20100 --- [http-nio-8887-exec-1] l.m.c.m.UserMapper.selectByPrimaryKey    : ==> Parameters: 706(Long)
2020-02-03 21:29:38.354 DEBUG 20100 --- [http-nio-8887-exec-1] l.m.c.m.UserMapper.selectByPrimaryKey    : <==      Total: 1
2020-02-03 22:22:15.062  INFO 7500 --- [restartedMain] l.m.community.ConmmunityApplication      : Starting ConmmunityApplication on ssss with PID 7500 (E:\conmmunity\target\classes started by 24618 in E:\conmmunity)
2020-02-03 22:22:15.064  INFO 7500 --- [restartedMain] l.m.community.ConmmunityApplication      : No active profile set, falling back to default profiles: default
2020-02-03 22:22:15.192  INFO 7500 --- [restartedMain] .e.DevToolsPropertyDefaultsPostProcessor : Devtools property defaults active! Set 'spring.devtools.add-properties' to 'false' to disable
2020-02-03 22:22:15.192  INFO 7500 --- [restartedMain] .e.DevToolsPropertyDefaultsPostProcessor : For additional web related logging consider setting the 'logging.level.web' property to 'DEBUG'
2020-02-03 22:22:15.237  WARN 7500 --- [background-preinit] o.s.h.c.j.Jackson2ObjectMapperBuilder    : For Jackson Kotlin classes support please add "com.fasterxml.jackson.module:jackson-module-kotlin" to the classpath
2020-02-03 22:22:17.882  INFO 7500 --- [restartedMain] o.s.b.w.embedded.tomcat.TomcatWebServer  : Tomcat initialized with port(s): 8887 (http)
2020-02-03 22:22:17.904  INFO 7500 --- [restartedMain] o.apache.catalina.core.StandardService   : Starting service [Tomcat]
2020-02-03 22:22:17.904  INFO 7500 --- [restartedMain] org.apache.catalina.core.StandardEngine  : Starting Servlet engine: [Apache Tomcat/9.0.29]
2020-02-03 22:22:18.056  INFO 7500 --- [restartedMain] o.a.c.c.C.[Tomcat].[localhost].[/]       : Initializing Spring embedded WebApplicationContext
2020-02-03 22:22:18.056  INFO 7500 --- [restartedMain] o.s.web.context.ContextLoader            : Root WebApplicationContext: initialization completed in 2864 ms
2020-02-03 22:22:18.107  INFO 7500 --- [restartedMain] com.zaxxer.hikari.HikariDataSource       : HikariPool-1 - Starting...
2020-02-03 22:22:18.298  INFO 7500 --- [restartedMain] com.zaxxer.hikari.HikariDataSource       : HikariPool-1 - Start completed.
2020-02-03 22:22:18.306  INFO 7500 --- [restartedMain] o.s.b.a.h2.H2ConsoleAutoConfiguration    : H2 console available at '/h2-console'. Database available at 'jdbc:h2:~/community'
2020-02-03 22:22:19.141  INFO 7500 --- [restartedMain] o.s.s.concurrent.ThreadPoolTaskExecutor  : Initializing ExecutorService 'applicationTaskExecutor'
2020-02-03 22:22:19.292  INFO 7500 --- [restartedMain] o.s.b.a.w.s.WelcomePageHandlerMapping    : Adding welcome page template: index
2020-02-03 22:22:19.736  INFO 7500 --- [restartedMain] o.s.b.d.a.OptionalLiveReloadServer       : LiveReload server is running on port 35729
2020-02-03 22:22:19.805  INFO 7500 --- [restartedMain] o.s.b.w.embedded.tomcat.TomcatWebServer  : Tomcat started on port(s): 8887 (http) with context path ''
2020-02-03 22:22:19.810  INFO 7500 --- [restartedMain] l.m.community.ConmmunityApplication      : Started ConmmunityApplication in 5.825 seconds (JVM running for 8.866)
2020-02-03 22:22:19.926  INFO 7500 --- [http-nio-8887-exec-1] o.a.c.c.C.[Tomcat].[localhost].[/]       : Initializing Spring DispatcherServlet 'dispatcherServlet'
2020-02-03 22:22:19.927  INFO 7500 --- [http-nio-8887-exec-1] o.s.web.servlet.DispatcherServlet        : Initializing Servlet 'dispatcherServlet'
2020-02-03 22:22:19.940  INFO 7500 --- [http-nio-8887-exec-1] o.s.web.servlet.DispatcherServlet        : Completed initialization in 13 ms
2020-02-03 22:22:20.069 DEBUG 7500 --- [http-nio-8887-exec-1] l.m.c.m.QuestionExtMapper.countBySearch  : ==>  Preparing: select count(*) from QUESTION 
2020-02-03 22:22:20.103 DEBUG 7500 --- [http-nio-8887-exec-1] l.m.c.m.QuestionExtMapper.countBySearch  : ==> Parameters: 
2020-02-03 22:22:20.131 DEBUG 7500 --- [http-nio-8887-exec-1] l.m.c.m.QuestionExtMapper.countBySearch  : <==      Total: 1
2020-02-03 22:22:20.137 DEBUG 7500 --- [http-nio-8887-exec-1] l.m.c.m.Q.selectBySearch                 : ==>  Preparing: select * from QUESTION order by gmt_create desc limit ?,? 
2020-02-03 22:22:20.141 DEBUG 7500 --- [http-nio-8887-exec-1] l.m.c.m.Q.selectBySearch                 : ==> Parameters: 0(Integer), 5(Integer)
2020-02-03 22:22:20.158 DEBUG 7500 --- [http-nio-8887-exec-1] l.m.c.m.Q.selectBySearch                 : <==      Total: 5
2020-02-03 22:22:20.159 DEBUG 7500 --- [http-nio-8887-exec-1] l.m.c.m.UserMapper.selectByPrimaryKey    : ==>  Preparing: select ID, ACCOUNT_ID, NAME, TOKEN, GMT_CREATE, GMT_MODIFIED, BIO, AVATAR_URL from USER where ID = ? 
2020-02-03 22:22:20.162 DEBUG 7500 --- [http-nio-8887-exec-1] l.m.c.m.UserMapper.selectByPrimaryKey    : ==> Parameters: 803(Long)
2020-02-03 22:22:20.164 DEBUG 7500 --- [http-nio-8887-exec-1] l.m.c.m.UserMapper.selectByPrimaryKey    : <==      Total: 1
2020-02-03 22:22:20.175 DEBUG 7500 --- [http-nio-8887-exec-1] l.m.c.m.UserMapper.selectByPrimaryKey    : ==>  Preparing: select ID, ACCOUNT_ID, NAME, TOKEN, GMT_CREATE, GMT_MODIFIED, BIO, AVATAR_URL from USER where ID = ? 
2020-02-03 22:22:20.176 DEBUG 7500 --- [http-nio-8887-exec-1] l.m.c.m.UserMapper.selectByPrimaryKey    : ==> Parameters: 770(Long)
2020-02-03 22:22:20.177 DEBUG 7500 --- [http-nio-8887-exec-1] l.m.c.m.UserMapper.selectByPrimaryKey    : <==      Total: 1
2020-02-03 22:22:20.178 DEBUG 7500 --- [http-nio-8887-exec-1] l.m.c.m.UserMapper.selectByPrimaryKey    : ==>  Preparing: select ID, ACCOUNT_ID, NAME, TOKEN, GMT_CREATE, GMT_MODIFIED, BIO, AVATAR_URL from USER where ID = ? 
2020-02-03 22:22:20.178 DEBUG 7500 --- [http-nio-8887-exec-1] l.m.c.m.UserMapper.selectByPrimaryKey    : ==> Parameters: 738(Long)
2020-02-03 22:22:20.179 DEBUG 7500 --- [http-nio-8887-exec-1] l.m.c.m.UserMapper.selectByPrimaryKey    : <==      Total: 1
2020-02-03 22:22:20.180 DEBUG 7500 --- [http-nio-8887-exec-1] l.m.c.m.UserMapper.selectByPrimaryKey    : ==>  Preparing: select ID, ACCOUNT_ID, NAME, TOKEN, GMT_CREATE, GMT_MODIFIED, BIO, AVATAR_URL from USER where ID = ? 
2020-02-03 22:22:20.181 DEBUG 7500 --- [http-nio-8887-exec-1] l.m.c.m.UserMapper.selectByPrimaryKey    : ==> Parameters: 707(Long)
2020-02-03 22:22:20.182 DEBUG 7500 --- [http-nio-8887-exec-1] l.m.c.m.UserMapper.selectByPrimaryKey    : <==      Total: 1
2020-02-03 22:22:20.183 DEBUG 7500 --- [http-nio-8887-exec-1] l.m.c.m.UserMapper.selectByPrimaryKey    : ==>  Preparing: select ID, ACCOUNT_ID, NAME, TOKEN, GMT_CREATE, GMT_MODIFIED, BIO, AVATAR_URL from USER where ID = ? 
2020-02-03 22:22:20.184 DEBUG 7500 --- [http-nio-8887-exec-1] l.m.c.m.UserMapper.selectByPrimaryKey    : ==> Parameters: 706(Long)
2020-02-03 22:22:20.185 DEBUG 7500 --- [http-nio-8887-exec-1] l.m.c.m.UserMapper.selectByPrimaryKey    : <==      Total: 1
2020-02-03 22:23:07.205  INFO 6048 --- [restartedMain] l.m.community.ConmmunityApplication      : Starting ConmmunityApplication on ssss with PID 6048 (E:\conmmunity\target\classes started by 24618 in E:\conmmunity)
2020-02-03 22:23:07.208  INFO 6048 --- [restartedMain] l.m.community.ConmmunityApplication      : No active profile set, falling back to default profiles: default
2020-02-03 22:23:07.340  INFO 6048 --- [restartedMain] .e.DevToolsPropertyDefaultsPostProcessor : Devtools property defaults active! Set 'spring.devtools.add-properties' to 'false' to disable
2020-02-03 22:23:07.340  INFO 6048 --- [restartedMain] .e.DevToolsPropertyDefaultsPostProcessor : For additional web related logging consider setting the 'logging.level.web' property to 'DEBUG'
2020-02-03 22:23:07.602  WARN 6048 --- [background-preinit] o.s.h.c.j.Jackson2ObjectMapperBuilder    : For Jackson Kotlin classes support please add "com.fasterxml.jackson.module:jackson-module-kotlin" to the classpath
2020-02-03 22:23:09.793  INFO 6048 --- [restartedMain] o.s.b.w.embedded.tomcat.TomcatWebServer  : Tomcat initialized with port(s): 8887 (http)
2020-02-03 22:23:09.807  INFO 6048 --- [restartedMain] o.apache.catalina.core.StandardService   : Starting service [Tomcat]
2020-02-03 22:23:09.808  INFO 6048 --- [restartedMain] org.apache.catalina.core.StandardEngine  : Starting Servlet engine: [Apache Tomcat/9.0.29]
2020-02-03 22:23:10.120  INFO 6048 --- [restartedMain] o.a.c.c.C.[Tomcat].[localhost].[/]       : Initializing Spring embedded WebApplicationContext
2020-02-03 22:23:10.120  INFO 6048 --- [restartedMain] o.s.web.context.ContextLoader            : Root WebApplicationContext: initialization completed in 2780 ms
2020-02-03 22:23:10.183  INFO 6048 --- [restartedMain] com.zaxxer.hikari.HikariDataSource       : HikariPool-1 - Starting...
2020-02-03 22:23:10.554  INFO 6048 --- [restartedMain] com.zaxxer.hikari.HikariDataSource       : HikariPool-1 - Start completed.
2020-02-03 22:23:10.570  INFO 6048 --- [restartedMain] o.s.b.a.h2.H2ConsoleAutoConfiguration    : H2 console available at '/h2-console'. Database available at 'jdbc:h2:~/community'
2020-02-03 22:23:11.557  INFO 6048 --- [restartedMain] o.s.s.concurrent.ThreadPoolTaskExecutor  : Initializing ExecutorService 'applicationTaskExecutor'
2020-02-03 22:23:11.635  INFO 6048 --- [restartedMain] o.s.b.a.w.s.WelcomePageHandlerMapping    : Adding welcome page template: index
2020-02-03 22:23:12.133  INFO 6048 --- [restartedMain] o.s.b.d.a.OptionalLiveReloadServer       : LiveReload server is running on port 35729
2020-02-03 22:23:12.224  INFO 6048 --- [restartedMain] o.s.b.w.embedded.tomcat.TomcatWebServer  : Tomcat started on port(s): 8887 (http) with context path ''
2020-02-03 22:23:12.231  INFO 6048 --- [restartedMain] l.m.community.ConmmunityApplication      : Started ConmmunityApplication in 5.826 seconds (JVM running for 7.586)
2020-02-03 22:23:21.682  INFO 6048 --- [http-nio-8887-exec-1] o.a.c.c.C.[Tomcat].[localhost].[/]       : Initializing Spring DispatcherServlet 'dispatcherServlet'
2020-02-03 22:23:21.682  INFO 6048 --- [http-nio-8887-exec-1] o.s.web.servlet.DispatcherServlet        : Initializing Servlet 'dispatcherServlet'
2020-02-03 22:23:21.693  INFO 6048 --- [http-nio-8887-exec-1] o.s.web.servlet.DispatcherServlet        : Completed initialization in 10 ms
